c:\users\go\documents\visual studio 2017\projects\project1\project1\x64\debug\vc141.pdb
c:\users\go\documents\visual studio 2017\projects\project1\project1\x64\debug\vc141.idb
c:\users\go\documents\visual studio 2017\projects\project1\project1\x64\debug\main.obj
c:\users\go\documents\visual studio 2017\projects\project1\project1\x64\debug\renderer.obj
c:\users\go\desktop\vulkan\vulkan2\project1\x64\debug\vc141.pdb
c:\users\go\desktop\vulkan\vulkan2\project1\x64\debug\vc141.idb
c:\users\go\desktop\vulkan\vulkan2\project1\x64\debug\main.obj
c:\users\go\desktop\vulkan\vulkan2\project1\x64\debug\shared.obj
c:\users\go\desktop\vulkan\vulkan2\project1\x64\debug\window.obj
c:\users\go\desktop\vulkan\vulkan2\project1\x64\debug\window_glfw.obj
c:\users\go\desktop\vulkan\vulkan2\project1\x64\debug\window_win32.obj
c:\users\go\desktop\vulkan\vulkan2\project1\x64\debug\_init_vulkan.obj
c:\users\go\documents\visual studio 2017\projects\project1\x64\debug\project1.ilk
c:\users\go\documents\visual studio 2017\projects\project1\x64\debug\project1.exe
c:\users\go\documents\visual studio 2017\projects\project1\x64\debug\project1.pdb
c:\users\go\desktop\vulkan\vulkan2\x64\debug\project1.ilk
c:\users\go\desktop\vulkan\vulkan2\x64\debug\project1.exe
c:\users\go\desktop\vulkan\vulkan2\x64\debug\project1.pdb
c:\users\go\desktop\vulkan\vulkan2\project1\x64\debug\renderer.obj
c:\users\go\desktop\vulkan\vulkan2\project1\x64\debug\renderer.obj.enc
c:\users\go\desktop\vulkan\vulkan2\project1\x64\debug\project1.tlog\cl.command.1.tlog
c:\users\go\desktop\vulkan\vulkan2\project1\x64\debug\project1.tlog\cl.read.1.tlog
c:\users\go\desktop\vulkan\vulkan2\project1\x64\debug\project1.tlog\cl.write.1.tlog
c:\users\go\desktop\vulkan\vulkan2\project1\x64\debug\project1.tlog\link.command.1.tlog
c:\users\go\desktop\vulkan\vulkan2\project1\x64\debug\project1.tlog\link.read.1.tlog
c:\users\go\desktop\vulkan\vulkan2\project1\x64\debug\project1.tlog\link.write.1.tlog
