  _INIT_VULKAN.cpp
c:\users\go\desktop\vulkan\vulkan2\project1\_init_vulkan.cpp(74): warning C4267: '=': 'size_t'에서 'uint32_t'(으)로 변환하면서 데이터가 손실될 수 있습니다.
  Window_win32.cpp
  Window_glfw.cpp
  Window.cpp
c:\users\go\desktop\vulkan\vulkan2\project1\window.cpp(63): warning C4267: '=': 'size_t'에서 'uint32_t'(으)로 변환하면서 데이터가 손실될 수 있습니다.
c:\users\go\desktop\vulkan\vulkan2\project1\window.cpp(332): warning C4267: '=': 'size_t'에서 'uint32_t'(으)로 변환하면서 데이터가 손실될 수 있습니다.
c:\users\go\desktop\vulkan\vulkan2\project1\window.cpp(339): warning C4267: '=': 'size_t'에서 'uint32_t'(으)로 변환하면서 데이터가 손실될 수 있습니다.
c:\users\go\desktop\vulkan\vulkan2\project1\window.cpp(341): warning C4267: '=': 'size_t'에서 'uint32_t'(으)로 변환하면서 데이터가 손실될 수 있습니다.
c:\users\go\desktop\vulkan\vulkan2\project1\window.cpp(363): warning C4267: '=': 'size_t'에서 'uint32_t'(으)로 변환하면서 데이터가 손실될 수 있습니다.
  Shared.cpp
  main.cpp
c:\users\go\desktop\vulkan\vulkan2\project1\main.cpp(81): warning C4305: '+=': 'double'에서 'float'(으)로 잘립니다.
c:\users\go\desktop\vulkan\vulkan2\project1\main.cpp(86): warning C4244: '=': 'double'에서 'float'(으)로 변환하면서 데이터가 손실될 수 있습니다.
c:\users\go\desktop\vulkan\vulkan2\project1\main.cpp(87): warning C4244: '=': 'double'에서 'float'(으)로 변환하면서 데이터가 손실될 수 있습니다.
c:\users\go\desktop\vulkan\vulkan2\project1\main.cpp(88): warning C4244: '=': 'double'에서 'float'(으)로 변환하면서 데이터가 손실될 수 있습니다.
c:\users\go\desktop\vulkan\vulkan2\project1\main.cpp(97): warning C4267: '=': 'size_t'에서 'uint32_t'(으)로 변환하면서 데이터가 손실될 수 있습니다.
  코드를 생성하고 있습니다...
c:\users\go\desktop\vulkan\vulkan2\project1\_init_vulkan.cpp(190): warning C4715: 'vulkan_class::GetQueueFamilyIndex': 모든 제어 경로에서 값을 반환하지는 않습니다.
  Project1.vcxproj -> C:\Users\Go\Desktop\Vulkan\vulkan2\x64\Debug\Project1.exe
  Project1.vcxproj -> C:\Users\Go\Desktop\Vulkan\vulkan2\x64\Debug\Project1.pdb (Partial PDB)
